DEB [20240625-20:25:20.285] thr=1   paramiko.transport: starting thread (client mode): 0x9b363230
DEB [20240625-20:25:20.285] thr=1   paramiko.transport: Local version/idstring: SSH-2.0-paramiko_3.4.0
DEB [20240625-20:25:20.344] thr=1   paramiko.transport: Remote version/idstring: SSH-2.0-OpenSSH_8.0
INF [20240625-20:25:20.344] thr=1   paramiko.transport: Connected (version 2.0, client OpenSSH_8.0)
DEB [20240625-20:25:20.403] thr=1   paramiko.transport: === Key exchange possibilities ===
DEB [20240625-20:25:20.403] thr=1   paramiko.transport: kex algos: curve25519-sha256, curve25519-sha256@libssh.org, ecdh-sha2-nistp256, ecdh-sha2-nistp384, ecdh-sha2-nistp521, diffie-hellman-group-exchange-sha256, diffie-hellman-group14-sha256, diffie-hellman-group16-sha512, diffie-hellman-group18-sha512, diffie-hellman-group-exchange-sha1, diffie-hellman-group14-sha1, kex-strict-s-v00@openssh.com
DEB [20240625-20:25:20.403] thr=1   paramiko.transport: server key: rsa-sha2-512, rsa-sha2-256, ssh-rsa, ecdsa-sha2-nistp256, ssh-ed25519
DEB [20240625-20:25:20.403] thr=1   paramiko.transport: client encrypt: aes256-gcm@openssh.com, chacha20-poly1305@openssh.com, aes256-ctr, aes256-cbc, aes128-gcm@openssh.com, aes128-ctr, aes128-cbc
DEB [20240625-20:25:20.403] thr=1   paramiko.transport: server encrypt: aes256-gcm@openssh.com, chacha20-poly1305@openssh.com, aes256-ctr, aes256-cbc, aes128-gcm@openssh.com, aes128-ctr, aes128-cbc
DEB [20240625-20:25:20.403] thr=1   paramiko.transport: client mac: hmac-sha2-256-etm@openssh.com, hmac-sha1-etm@openssh.com, umac-128-etm@openssh.com, hmac-sha2-512-etm@openssh.com, hmac-sha2-256, hmac-sha1, umac-128@openssh.com, hmac-sha2-512
DEB [20240625-20:25:20.403] thr=1   paramiko.transport: server mac: hmac-sha2-256-etm@openssh.com, hmac-sha1-etm@openssh.com, umac-128-etm@openssh.com, hmac-sha2-512-etm@openssh.com, hmac-sha2-256, hmac-sha1, umac-128@openssh.com, hmac-sha2-512
DEB [20240625-20:25:20.403] thr=1   paramiko.transport: client compress: none, zlib@openssh.com
DEB [20240625-20:25:20.403] thr=1   paramiko.transport: server compress: none, zlib@openssh.com
DEB [20240625-20:25:20.403] thr=1   paramiko.transport: client lang: <none>
DEB [20240625-20:25:20.403] thr=1   paramiko.transport: server lang: <none>
DEB [20240625-20:25:20.403] thr=1   paramiko.transport: kex follows: False
DEB [20240625-20:25:20.403] thr=1   paramiko.transport: === Key exchange agreements ===
DEB [20240625-20:25:20.403] thr=1   paramiko.transport: Strict kex mode: True
DEB [20240625-20:25:20.403] thr=1   paramiko.transport: Kex: curve25519-sha256@libssh.org
DEB [20240625-20:25:20.403] thr=1   paramiko.transport: HostKey: ssh-ed25519
DEB [20240625-20:25:20.403] thr=1   paramiko.transport: Cipher: aes128-ctr
DEB [20240625-20:25:20.403] thr=1   paramiko.transport: MAC: hmac-sha2-256
DEB [20240625-20:25:20.403] thr=1   paramiko.transport: Compression: none
DEB [20240625-20:25:20.403] thr=1   paramiko.transport: === End of kex handshake ===
DEB [20240625-20:25:20.464] thr=1   paramiko.transport: Resetting outbound seqno after NEWKEYS due to strict mode
DEB [20240625-20:25:20.464] thr=1   paramiko.transport: kex engine KexCurve25519 specified hash_algo <built-in function openssl_sha256>
DEB [20240625-20:25:20.465] thr=1   paramiko.transport: Switch to new keys ...
DEB [20240625-20:25:20.465] thr=1   paramiko.transport: Resetting inbound seqno after NEWKEYS due to strict mode
DEB [20240625-20:25:20.465] thr=2   paramiko.transport: Adding ssh-ed25519 host key for 46.4.244.188: b'a633c06efbf7fcb6cb491dc10fd93664'
DEB [20240625-20:25:20.465] thr=1   paramiko.transport: Got EXT_INFO: {'server-sig-algs': b'ssh-ed25519,ssh-rsa,rsa-sha2-256,rsa-sha2-512,ssh-dss,ecdsa-sha2-nistp256,ecdsa-sha2-nistp384,ecdsa-sha2-nistp521'}
DEB [20240625-20:25:20.813] thr=2   paramiko.transport: Trying discovered key b'5769b2d3316328538347243264aa5ce3' in C:\Users\messi/.ssh/id_rsa
DEB [20240625-20:25:20.869] thr=1   paramiko.transport: userauth is OK
DEB [20240625-20:25:20.869] thr=1   paramiko.transport: Finalizing pubkey algorithm for key of type 'ssh-rsa'
DEB [20240625-20:25:20.870] thr=1   paramiko.transport: Our pubkey algorithm list: ['rsa-sha2-512', 'rsa-sha2-256', 'ssh-rsa']
DEB [20240625-20:25:20.870] thr=1   paramiko.transport: Server-side algorithm list: ['ssh-ed25519', 'ssh-rsa', 'rsa-sha2-256', 'rsa-sha2-512', 'ssh-dss', 'ecdsa-sha2-nistp256', 'ecdsa-sha2-nistp384', 'ecdsa-sha2-nistp521']
DEB [20240625-20:25:20.870] thr=1   paramiko.transport: Agreed upon 'rsa-sha2-512' pubkey algorithm
INF [20240625-20:25:20.944] thr=1   paramiko.transport: Authentication (publickey) failed.
DEB [20240625-20:25:20.944] thr=1   paramiko.transport: EOF in transport thread
DEB [20240625-20:29:21.088] thr=1   paramiko.transport: starting thread (client mode): 0xda286db0
DEB [20240625-20:29:21.088] thr=1   paramiko.transport: Local version/idstring: SSH-2.0-paramiko_3.4.0
DEB [20240625-20:29:21.154] thr=1   paramiko.transport: Remote version/idstring: SSH-2.0-OpenSSH_8.0
INF [20240625-20:29:21.154] thr=1   paramiko.transport: Connected (version 2.0, client OpenSSH_8.0)
DEB [20240625-20:29:21.211] thr=1   paramiko.transport: === Key exchange possibilities ===
DEB [20240625-20:29:21.212] thr=1   paramiko.transport: kex algos: curve25519-sha256, curve25519-sha256@libssh.org, ecdh-sha2-nistp256, ecdh-sha2-nistp384, ecdh-sha2-nistp521, diffie-hellman-group-exchange-sha256, diffie-hellman-group14-sha256, diffie-hellman-group16-sha512, diffie-hellman-group18-sha512, diffie-hellman-group-exchange-sha1, diffie-hellman-group14-sha1, kex-strict-s-v00@openssh.com
DEB [20240625-20:29:21.212] thr=1   paramiko.transport: server key: rsa-sha2-512, rsa-sha2-256, ssh-rsa, ecdsa-sha2-nistp256, ssh-ed25519
DEB [20240625-20:29:21.212] thr=1   paramiko.transport: client encrypt: aes256-gcm@openssh.com, chacha20-poly1305@openssh.com, aes256-ctr, aes256-cbc, aes128-gcm@openssh.com, aes128-ctr, aes128-cbc
DEB [20240625-20:29:21.212] thr=1   paramiko.transport: server encrypt: aes256-gcm@openssh.com, chacha20-poly1305@openssh.com, aes256-ctr, aes256-cbc, aes128-gcm@openssh.com, aes128-ctr, aes128-cbc
DEB [20240625-20:29:21.212] thr=1   paramiko.transport: client mac: hmac-sha2-256-etm@openssh.com, hmac-sha1-etm@openssh.com, umac-128-etm@openssh.com, hmac-sha2-512-etm@openssh.com, hmac-sha2-256, hmac-sha1, umac-128@openssh.com, hmac-sha2-512
DEB [20240625-20:29:21.212] thr=1   paramiko.transport: server mac: hmac-sha2-256-etm@openssh.com, hmac-sha1-etm@openssh.com, umac-128-etm@openssh.com, hmac-sha2-512-etm@openssh.com, hmac-sha2-256, hmac-sha1, umac-128@openssh.com, hmac-sha2-512
DEB [20240625-20:29:21.212] thr=1   paramiko.transport: client compress: none, zlib@openssh.com
DEB [20240625-20:29:21.212] thr=1   paramiko.transport: server compress: none, zlib@openssh.com
DEB [20240625-20:29:21.212] thr=1   paramiko.transport: client lang: <none>
DEB [20240625-20:29:21.212] thr=1   paramiko.transport: server lang: <none>
DEB [20240625-20:29:21.212] thr=1   paramiko.transport: kex follows: False
DEB [20240625-20:29:21.212] thr=1   paramiko.transport: === Key exchange agreements ===
DEB [20240625-20:29:21.212] thr=1   paramiko.transport: Strict kex mode: True
DEB [20240625-20:29:21.212] thr=1   paramiko.transport: Kex: curve25519-sha256@libssh.org
DEB [20240625-20:29:21.212] thr=1   paramiko.transport: HostKey: ssh-ed25519
DEB [20240625-20:29:21.212] thr=1   paramiko.transport: Cipher: aes128-ctr
DEB [20240625-20:29:21.212] thr=1   paramiko.transport: MAC: hmac-sha2-256
DEB [20240625-20:29:21.212] thr=1   paramiko.transport: Compression: none
DEB [20240625-20:29:21.212] thr=1   paramiko.transport: === End of kex handshake ===
DEB [20240625-20:29:21.281] thr=1   paramiko.transport: Resetting outbound seqno after NEWKEYS due to strict mode
DEB [20240625-20:29:21.281] thr=1   paramiko.transport: kex engine KexCurve25519 specified hash_algo <built-in function openssl_sha256>
DEB [20240625-20:29:21.281] thr=1   paramiko.transport: Switch to new keys ...
DEB [20240625-20:29:21.281] thr=1   paramiko.transport: Resetting inbound seqno after NEWKEYS due to strict mode
DEB [20240625-20:29:21.282] thr=2   paramiko.transport: Adding ssh-ed25519 host key for 46.4.244.188: b'a633c06efbf7fcb6cb491dc10fd93664'
DEB [20240625-20:29:21.282] thr=1   paramiko.transport: Got EXT_INFO: {'server-sig-algs': b'ssh-ed25519,ssh-rsa,rsa-sha2-256,rsa-sha2-512,ssh-dss,ecdsa-sha2-nistp256,ecdsa-sha2-nistp384,ecdsa-sha2-nistp521'}
DEB [20240625-20:29:21.666] thr=2   paramiko.transport: Trying discovered key b'5769b2d3316328538347243264aa5ce3' in C:\Users\messi/.ssh/id_rsa
DEB [20240625-20:29:21.724] thr=1   paramiko.transport: userauth is OK
DEB [20240625-20:29:21.724] thr=1   paramiko.transport: Finalizing pubkey algorithm for key of type 'ssh-rsa'
DEB [20240625-20:29:21.724] thr=1   paramiko.transport: Our pubkey algorithm list: ['rsa-sha2-512', 'rsa-sha2-256', 'ssh-rsa']
DEB [20240625-20:29:21.724] thr=1   paramiko.transport: Server-side algorithm list: ['ssh-ed25519', 'ssh-rsa', 'rsa-sha2-256', 'rsa-sha2-512', 'ssh-dss', 'ecdsa-sha2-nistp256', 'ecdsa-sha2-nistp384', 'ecdsa-sha2-nistp521']
DEB [20240625-20:29:21.724] thr=1   paramiko.transport: Agreed upon 'rsa-sha2-512' pubkey algorithm
INF [20240625-20:29:21.800] thr=1   paramiko.transport: Authentication (publickey) failed.
DEB [20240625-20:29:21.800] thr=1   paramiko.transport: EOF in transport thread
DEB [20240625-20:30:25.513] thr=1   paramiko.transport: starting thread (client mode): 0x6fafbf0
DEB [20240625-20:30:25.514] thr=1   paramiko.transport: Local version/idstring: SSH-2.0-paramiko_3.4.0
DEB [20240625-20:30:25.573] thr=1   paramiko.transport: Remote version/idstring: SSH-2.0-OpenSSH_8.0
INF [20240625-20:30:25.573] thr=1   paramiko.transport: Connected (version 2.0, client OpenSSH_8.0)
DEB [20240625-20:30:25.630] thr=1   paramiko.transport: === Key exchange possibilities ===
DEB [20240625-20:30:25.631] thr=1   paramiko.transport: kex algos: curve25519-sha256, curve25519-sha256@libssh.org, ecdh-sha2-nistp256, ecdh-sha2-nistp384, ecdh-sha2-nistp521, diffie-hellman-group-exchange-sha256, diffie-hellman-group14-sha256, diffie-hellman-group16-sha512, diffie-hellman-group18-sha512, diffie-hellman-group-exchange-sha1, diffie-hellman-group14-sha1, kex-strict-s-v00@openssh.com
DEB [20240625-20:30:25.631] thr=1   paramiko.transport: server key: rsa-sha2-512, rsa-sha2-256, ssh-rsa, ecdsa-sha2-nistp256, ssh-ed25519
DEB [20240625-20:30:25.631] thr=1   paramiko.transport: client encrypt: aes256-gcm@openssh.com, chacha20-poly1305@openssh.com, aes256-ctr, aes256-cbc, aes128-gcm@openssh.com, aes128-ctr, aes128-cbc
DEB [20240625-20:30:25.631] thr=1   paramiko.transport: server encrypt: aes256-gcm@openssh.com, chacha20-poly1305@openssh.com, aes256-ctr, aes256-cbc, aes128-gcm@openssh.com, aes128-ctr, aes128-cbc
DEB [20240625-20:30:25.631] thr=1   paramiko.transport: client mac: hmac-sha2-256-etm@openssh.com, hmac-sha1-etm@openssh.com, umac-128-etm@openssh.com, hmac-sha2-512-etm@openssh.com, hmac-sha2-256, hmac-sha1, umac-128@openssh.com, hmac-sha2-512
DEB [20240625-20:30:25.631] thr=1   paramiko.transport: server mac: hmac-sha2-256-etm@openssh.com, hmac-sha1-etm@openssh.com, umac-128-etm@openssh.com, hmac-sha2-512-etm@openssh.com, hmac-sha2-256, hmac-sha1, umac-128@openssh.com, hmac-sha2-512
DEB [20240625-20:30:25.631] thr=1   paramiko.transport: client compress: none, zlib@openssh.com
DEB [20240625-20:30:25.631] thr=1   paramiko.transport: server compress: none, zlib@openssh.com
DEB [20240625-20:30:25.631] thr=1   paramiko.transport: client lang: <none>
DEB [20240625-20:30:25.631] thr=1   paramiko.transport: server lang: <none>
DEB [20240625-20:30:25.631] thr=1   paramiko.transport: kex follows: False
DEB [20240625-20:30:25.631] thr=1   paramiko.transport: === Key exchange agreements ===
DEB [20240625-20:30:25.631] thr=1   paramiko.transport: Strict kex mode: True
DEB [20240625-20:30:25.631] thr=1   paramiko.transport: Kex: curve25519-sha256@libssh.org
DEB [20240625-20:30:25.631] thr=1   paramiko.transport: HostKey: ssh-ed25519
DEB [20240625-20:30:25.631] thr=1   paramiko.transport: Cipher: aes128-ctr
DEB [20240625-20:30:25.631] thr=1   paramiko.transport: MAC: hmac-sha2-256
DEB [20240625-20:30:25.631] thr=1   paramiko.transport: Compression: none
DEB [20240625-20:30:25.632] thr=1   paramiko.transport: === End of kex handshake ===
DEB [20240625-20:30:25.692] thr=1   paramiko.transport: Resetting outbound seqno after NEWKEYS due to strict mode
DEB [20240625-20:30:25.692] thr=1   paramiko.transport: kex engine KexCurve25519 specified hash_algo <built-in function openssl_sha256>
DEB [20240625-20:30:25.692] thr=1   paramiko.transport: Switch to new keys ...
DEB [20240625-20:30:25.693] thr=1   paramiko.transport: Resetting inbound seqno after NEWKEYS due to strict mode
DEB [20240625-20:30:25.693] thr=2   paramiko.transport: Adding ssh-ed25519 host key for 46.4.244.188: b'a633c06efbf7fcb6cb491dc10fd93664'
DEB [20240625-20:30:25.693] thr=1   paramiko.transport: Got EXT_INFO: {'server-sig-algs': b'ssh-ed25519,ssh-rsa,rsa-sha2-256,rsa-sha2-512,ssh-dss,ecdsa-sha2-nistp256,ecdsa-sha2-nistp384,ecdsa-sha2-nistp521'}
DEB [20240625-20:30:26.080] thr=2   paramiko.transport: Trying discovered key b'5769b2d3316328538347243264aa5ce3' in C:\Users\messi/.ssh/id_rsa
DEB [20240625-20:30:26.136] thr=1   paramiko.transport: userauth is OK
DEB [20240625-20:30:26.136] thr=1   paramiko.transport: Finalizing pubkey algorithm for key of type 'ssh-rsa'
DEB [20240625-20:30:26.136] thr=1   paramiko.transport: Our pubkey algorithm list: ['rsa-sha2-512', 'rsa-sha2-256', 'ssh-rsa']
DEB [20240625-20:30:26.136] thr=1   paramiko.transport: Server-side algorithm list: ['ssh-ed25519', 'ssh-rsa', 'rsa-sha2-256', 'rsa-sha2-512', 'ssh-dss', 'ecdsa-sha2-nistp256', 'ecdsa-sha2-nistp384', 'ecdsa-sha2-nistp521']
DEB [20240625-20:30:26.136] thr=1   paramiko.transport: Agreed upon 'rsa-sha2-512' pubkey algorithm
INF [20240625-20:30:26.210] thr=1   paramiko.transport: Authentication (publickey) failed.
DEB [20240625-20:30:26.211] thr=1   paramiko.transport: EOF in transport thread
